{"C:\\Users\\javie\\Documents\\thread-Social\\backend\\src\\utils\\sumar.ts": {"path":"C:\\Users\\javie\\Documents\\thread-Social\\backend\\src\\utils\\sumar.ts","statementMap":{"0":{"start":{"line":2,"column":2},"end":{"line":2,"column":15}},"1":{"start":{"line":5,"column":0},"end":{"line":5,"column":22}}},"fnMap":{"0":{"name":"sumar","decl":{"start":{"line":1,"column":10},"end":{"line":1,"column":15}},"loc":{"start":{"line":1,"column":37},"end":{"line":3,"column":1}}}},"branchMap":{},"s":{"0":2,"1":1},"f":{"0":2},"b":{}}
}
